{"D:\\vscode-workspace\\team01-FinalProject\\controllers\\menu.js": {"path":"D:\\vscode-workspace\\team01-FinalProject\\controllers\\menu.js","statementMap":{"0":{"start":{"line":1,"column":18},"end":{"line":1,"column":43}},"1":{"start":{"line":2,"column":22},"end":{"line":2,"column":40}},"2":{"start":{"line":4,"column":15},"end":{"line":13,"column":1}},"3":{"start":{"line":5,"column":2},"end":{"line":12,"column":3}},"4":{"start":{"line":6,"column":19},"end":{"line":6,"column":43}},"5":{"start":{"line":7,"column":4},"end":{"line":7,"column":54}},"6":{"start":{"line":8,"column":4},"end":{"line":8,"column":33}},"7":{"start":{"line":10,"column":4},"end":{"line":10,"column":49}},"8":{"start":{"line":11,"column":4},"end":{"line":11,"column":63}},"9":{"start":{"line":15,"column":18},"end":{"line":30,"column":1}},"10":{"start":{"line":16,"column":2},"end":{"line":29,"column":3}},"11":{"start":{"line":17,"column":19},"end":{"line":17,"column":46}},"12":{"start":{"line":18,"column":19},"end":{"line":18,"column":50}},"13":{"start":{"line":20,"column":4},"end":{"line":20,"column":54}},"14":{"start":{"line":21,"column":4},"end":{"line":25,"column":5}},"15":{"start":{"line":22,"column":6},"end":{"line":22,"column":35}},"16":{"start":{"line":24,"column":6},"end":{"line":24,"column":58}},"17":{"start":{"line":27,"column":4},"end":{"line":27,"column":49}},"18":{"start":{"line":28,"column":4},"end":{"line":28,"column":63}},"19":{"start":{"line":32,"column":19},"end":{"line":49,"column":1}},"20":{"start":{"line":33,"column":70},"end":{"line":33,"column":78}},"21":{"start":{"line":34,"column":19},"end":{"line":42,"column":5}},"22":{"start":{"line":43,"column":19},"end":{"line":43,"column":55}},"23":{"start":{"line":44,"column":2},"end":{"line":48,"column":3}},"24":{"start":{"line":45,"column":4},"end":{"line":45,"column":79}},"25":{"start":{"line":47,"column":4},"end":{"line":47,"column":93}},"26":{"start":{"line":51,"column":19},"end":{"line":68,"column":1}},"27":{"start":{"line":52,"column":17},"end":{"line":52,"column":44}},"28":{"start":{"line":53,"column":70},"end":{"line":53,"column":78}},"29":{"start":{"line":54,"column":19},"end":{"line":61,"column":5}},"30":{"start":{"line":62,"column":19},"end":{"line":62,"column":63}},"31":{"start":{"line":63,"column":2},"end":{"line":67,"column":3}},"32":{"start":{"line":64,"column":4},"end":{"line":64,"column":27}},"33":{"start":{"line":66,"column":4},"end":{"line":66,"column":88}},"34":{"start":{"line":70,"column":19},"end":{"line":92,"column":3}},"35":{"start":{"line":71,"column":2},"end":{"line":91,"column":5}},"36":{"start":{"line":73,"column":6},"end":{"line":75,"column":7}},"37":{"start":{"line":74,"column":8},"end":{"line":74,"column":79}},"38":{"start":{"line":77,"column":21},"end":{"line":77,"column":48}},"39":{"start":{"line":78,"column":23},"end":{"line":78,"column":57}},"40":{"start":{"line":80,"column":6},"end":{"line":87,"column":7}},"41":{"start":{"line":81,"column":8},"end":{"line":84,"column":11}},"42":{"start":{"line":86,"column":8},"end":{"line":86,"column":61}},"43":{"start":{"line":89,"column":6},"end":{"line":89,"column":54}},"44":{"start":{"line":90,"column":6},"end":{"line":90,"column":102}},"45":{"start":{"line":94,"column":0},"end":{"line":94,"column":72}}},"fnMap":{"0":{"name":"(anonymous_0)","decl":{"start":{"line":4,"column":15},"end":{"line":4,"column":16}},"loc":{"start":{"line":4,"column":35},"end":{"line":13,"column":1}},"line":4},"1":{"name":"(anonymous_1)","decl":{"start":{"line":15,"column":18},"end":{"line":15,"column":19}},"loc":{"start":{"line":15,"column":38},"end":{"line":30,"column":1}},"line":15},"2":{"name":"(anonymous_2)","decl":{"start":{"line":32,"column":19},"end":{"line":32,"column":20}},"loc":{"start":{"line":32,"column":39},"end":{"line":49,"column":1}},"line":32},"3":{"name":"(anonymous_3)","decl":{"start":{"line":51,"column":19},"end":{"line":51,"column":20}},"loc":{"start":{"line":51,"column":39},"end":{"line":68,"column":1}},"line":51},"4":{"name":"(anonymous_4)","decl":{"start":{"line":70,"column":19},"end":{"line":70,"column":20}},"loc":{"start":{"line":70,"column":39},"end":{"line":92,"column":3}},"line":70}},"branchMap":{"0":{"loc":{"start":{"line":21,"column":4},"end":{"line":25,"column":5}},"type":"if","locations":[{"start":{"line":21,"column":4},"end":{"line":25,"column":5}},{"start":{"line":23,"column":11},"end":{"line":25,"column":5}}],"line":21},"1":{"loc":{"start":{"line":44,"column":2},"end":{"line":48,"column":3}},"type":"if","locations":[{"start":{"line":44,"column":2},"end":{"line":48,"column":3}},{"start":{"line":46,"column":8},"end":{"line":48,"column":3}}],"line":44},"2":{"loc":{"start":{"line":47,"column":25},"end":{"line":47,"column":92}},"type":"binary-expr","locations":[{"start":{"line":47,"column":25},"end":{"line":47,"column":39}},{"start":{"line":47,"column":43},"end":{"line":47,"column":92}}],"line":47},"3":{"loc":{"start":{"line":63,"column":2},"end":{"line":67,"column":3}},"type":"if","locations":[{"start":{"line":63,"column":2},"end":{"line":67,"column":3}},{"start":{"line":65,"column":8},"end":{"line":67,"column":3}}],"line":63},"4":{"loc":{"start":{"line":66,"column":25},"end":{"line":66,"column":87}},"type":"binary-expr","locations":[{"start":{"line":66,"column":25},"end":{"line":66,"column":39}},{"start":{"line":66,"column":43},"end":{"line":66,"column":87}}],"line":66},"5":{"loc":{"start":{"line":73,"column":6},"end":{"line":75,"column":7}},"type":"if","locations":[{"start":{"line":73,"column":6},"end":{"line":75,"column":7}},{"start":{},"end":{}}],"line":73},"6":{"loc":{"start":{"line":80,"column":6},"end":{"line":87,"column":7}},"type":"if","locations":[{"start":{"line":80,"column":6},"end":{"line":87,"column":7}},{"start":{"line":85,"column":13},"end":{"line":87,"column":7}}],"line":80},"7":{"loc":{"start":{"line":90,"column":38},"end":{"line":90,"column":98}},"type":"binary-expr","locations":[{"start":{"line":90,"column":38},"end":{"line":90,"column":49}},{"start":{"line":90,"column":53},"end":{"line":90,"column":98}}],"line":90}},"s":{"0":4,"1":4,"2":4,"3":3,"4":3,"5":2,"6":2,"7":1,"8":1,"9":4,"10":3,"11":3,"12":3,"13":2,"14":2,"15":1,"16":1,"17":1,"18":1,"19":4,"20":0,"21":0,"22":0,"23":0,"24":0,"25":0,"26":4,"27":0,"28":0,"29":0,"30":0,"31":0,"32":0,"33":0,"34":4,"35":0,"36":0,"37":0,"38":0,"39":0,"40":0,"41":0,"42":0,"43":0,"44":0,"45":4},"f":{"0":3,"1":3,"2":0,"3":0,"4":0},"b":{"0":[1,1],"1":[0,0],"2":[0,0],"3":[0,0],"4":[0,0],"5":[0,0],"6":[0,0],"7":[0,0]},"_coverageSchema":"1a1c01bbd47fc00a2c39e90264f33305004495a9","hash":"1867bbb99bbd1fc142ebe1c6fb17b53e6c6e96e6"}
,"D:\\vscode-workspace\\team01-FinalProject\\controllers\\order.js": {"path":"D:\\vscode-workspace\\team01-FinalProject\\controllers\\order.js","statementMap":{"0":{"start":{"line":1,"column":21},"end":{"line":1,"column":39}},"1":{"start":{"line":2,"column":19},"end":{"line":2,"column":45}},"2":{"start":{"line":4,"column":15},"end":{"line":13,"column":1}},"3":{"start":{"line":5,"column":2},"end":{"line":12,"column":3}},"4":{"start":{"line":6,"column":19},"end":{"line":6,"column":44}},"5":{"start":{"line":7,"column":4},"end":{"line":7,"column":54}},"6":{"start":{"line":8,"column":4},"end":{"line":8,"column":33}},"7":{"start":{"line":10,"column":4},"end":{"line":10,"column":49}},"8":{"start":{"line":11,"column":4},"end":{"line":11,"column":63}},"9":{"start":{"line":15,"column":18},"end":{"line":30,"column":1}},"10":{"start":{"line":16,"column":2},"end":{"line":29,"column":3}},"11":{"start":{"line":17,"column":20},"end":{"line":17,"column":47}},"12":{"start":{"line":18,"column":19},"end":{"line":18,"column":52}},"13":{"start":{"line":20,"column":4},"end":{"line":20,"column":54}},"14":{"start":{"line":21,"column":4},"end":{"line":25,"column":5}},"15":{"start":{"line":22,"column":6},"end":{"line":22,"column":35}},"16":{"start":{"line":24,"column":6},"end":{"line":24,"column":59}},"17":{"start":{"line":27,"column":4},"end":{"line":27,"column":49}},"18":{"start":{"line":28,"column":4},"end":{"line":28,"column":63}},"19":{"start":{"line":32,"column":20},"end":{"line":59,"column":1}},"20":{"start":{"line":33,"column":2},"end":{"line":58,"column":3}},"21":{"start":{"line":34,"column":38},"end":{"line":34,"column":46}},"22":{"start":{"line":37,"column":18},"end":{"line":40,"column":7}},"23":{"start":{"line":37,"column":42},"end":{"line":40,"column":5}},"24":{"start":{"line":42,"column":21},"end":{"line":47,"column":5}},"25":{"start":{"line":49,"column":19},"end":{"line":49,"column":57}},"26":{"start":{"line":51,"column":4},"end":{"line":54,"column":7}},"27":{"start":{"line":56,"column":4},"end":{"line":56,"column":52}},"28":{"start":{"line":57,"column":4},"end":{"line":57,"column":61}},"29":{"start":{"line":61,"column":20},"end":{"line":89,"column":1}},"30":{"start":{"line":62,"column":18},"end":{"line":62,"column":45}},"31":{"start":{"line":63,"column":2},"end":{"line":88,"column":3}},"32":{"start":{"line":64,"column":38},"end":{"line":64,"column":46}},"33":{"start":{"line":67,"column":18},"end":{"line":70,"column":7}},"34":{"start":{"line":67,"column":42},"end":{"line":70,"column":5}},"35":{"start":{"line":72,"column":21},"end":{"line":77,"column":5}},"36":{"start":{"line":79,"column":19},"end":{"line":79,"column":66}},"37":{"start":{"line":81,"column":4},"end":{"line":84,"column":7}},"38":{"start":{"line":86,"column":4},"end":{"line":86,"column":52}},"39":{"start":{"line":87,"column":4},"end":{"line":87,"column":61}},"40":{"start":{"line":91,"column":26},"end":{"line":103,"column":1}},"41":{"start":{"line":92,"column":18},"end":{"line":92,"column":45}},"42":{"start":{"line":93,"column":24},"end":{"line":93,"column":32}},"43":{"start":{"line":94,"column":19},"end":{"line":94,"column":75}},"44":{"start":{"line":95,"column":2},"end":{"line":102,"column":3}},"45":{"start":{"line":96,"column":4},"end":{"line":99,"column":7}},"46":{"start":{"line":101,"column":4},"end":{"line":101,"column":96}},"47":{"start":{"line":105,"column":20},"end":{"line":127,"column":3}},"48":{"start":{"line":106,"column":2},"end":{"line":126,"column":5}},"49":{"start":{"line":108,"column":6},"end":{"line":110,"column":7}},"50":{"start":{"line":109,"column":8},"end":{"line":109,"column":77}},"51":{"start":{"line":112,"column":22},"end":{"line":112,"column":49}},"52":{"start":{"line":113,"column":23},"end":{"line":113,"column":60}},"53":{"start":{"line":115,"column":6},"end":{"line":122,"column":7}},"54":{"start":{"line":116,"column":8},"end":{"line":119,"column":11}},"55":{"start":{"line":121,"column":8},"end":{"line":121,"column":62}},"56":{"start":{"line":124,"column":6},"end":{"line":124,"column":54}},"57":{"start":{"line":125,"column":6},"end":{"line":125,"column":105}},"58":{"start":{"line":129,"column":0},"end":{"line":129,"column":94}}},"fnMap":{"0":{"name":"(anonymous_0)","decl":{"start":{"line":4,"column":15},"end":{"line":4,"column":16}},"loc":{"start":{"line":4,"column":35},"end":{"line":13,"column":1}},"line":4},"1":{"name":"(anonymous_1)","decl":{"start":{"line":15,"column":18},"end":{"line":15,"column":19}},"loc":{"start":{"line":15,"column":38},"end":{"line":30,"column":1}},"line":15},"2":{"name":"(anonymous_2)","decl":{"start":{"line":32,"column":20},"end":{"line":32,"column":21}},"loc":{"start":{"line":32,"column":40},"end":{"line":59,"column":1}},"line":32},"3":{"name":"(anonymous_3)","decl":{"start":{"line":37,"column":33},"end":{"line":37,"column":34}},"loc":{"start":{"line":37,"column":42},"end":{"line":40,"column":5}},"line":37},"4":{"name":"(anonymous_4)","decl":{"start":{"line":61,"column":20},"end":{"line":61,"column":21}},"loc":{"start":{"line":61,"column":40},"end":{"line":89,"column":1}},"line":61},"5":{"name":"(anonymous_5)","decl":{"start":{"line":67,"column":33},"end":{"line":67,"column":34}},"loc":{"start":{"line":67,"column":42},"end":{"line":70,"column":5}},"line":67},"6":{"name":"(anonymous_6)","decl":{"start":{"line":91,"column":26},"end":{"line":91,"column":27}},"loc":{"start":{"line":91,"column":46},"end":{"line":103,"column":1}},"line":91},"7":{"name":"(anonymous_7)","decl":{"start":{"line":105,"column":20},"end":{"line":105,"column":21}},"loc":{"start":{"line":105,"column":40},"end":{"line":127,"column":3}},"line":105}},"branchMap":{"0":{"loc":{"start":{"line":21,"column":4},"end":{"line":25,"column":5}},"type":"if","locations":[{"start":{"line":21,"column":4},"end":{"line":25,"column":5}},{"start":{"line":23,"column":11},"end":{"line":25,"column":5}}],"line":21},"1":{"loc":{"start":{"line":95,"column":2},"end":{"line":102,"column":3}},"type":"if","locations":[{"start":{"line":95,"column":2},"end":{"line":102,"column":3}},{"start":{"line":100,"column":8},"end":{"line":102,"column":3}}],"line":95},"2":{"loc":{"start":{"line":101,"column":25},"end":{"line":101,"column":95}},"type":"binary-expr","locations":[{"start":{"line":101,"column":25},"end":{"line":101,"column":39}},{"start":{"line":101,"column":43},"end":{"line":101,"column":95}}],"line":101},"3":{"loc":{"start":{"line":108,"column":6},"end":{"line":110,"column":7}},"type":"if","locations":[{"start":{"line":108,"column":6},"end":{"line":110,"column":7}},{"start":{},"end":{}}],"line":108},"4":{"loc":{"start":{"line":115,"column":6},"end":{"line":122,"column":7}},"type":"if","locations":[{"start":{"line":115,"column":6},"end":{"line":122,"column":7}},{"start":{"line":120,"column":13},"end":{"line":122,"column":7}}],"line":115},"5":{"loc":{"start":{"line":125,"column":38},"end":{"line":125,"column":101}},"type":"binary-expr","locations":[{"start":{"line":125,"column":38},"end":{"line":125,"column":49}},{"start":{"line":125,"column":53},"end":{"line":125,"column":101}}],"line":125}},"s":{"0":4,"1":4,"2":4,"3":3,"4":3,"5":2,"6":2,"7":1,"8":1,"9":4,"10":3,"11":3,"12":3,"13":2,"14":2,"15":1,"16":1,"17":1,"18":1,"19":4,"20":0,"21":0,"22":0,"23":0,"24":0,"25":0,"26":0,"27":0,"28":0,"29":4,"30":0,"31":0,"32":0,"33":0,"34":0,"35":0,"36":0,"37":0,"38":0,"39":0,"40":4,"41":0,"42":0,"43":0,"44":0,"45":0,"46":0,"47":4,"48":0,"49":0,"50":0,"51":0,"52":0,"53":0,"54":0,"55":0,"56":0,"57":0,"58":4},"f":{"0":3,"1":3,"2":0,"3":0,"4":0,"5":0,"6":0,"7":0},"b":{"0":[1,1],"1":[0,0],"2":[0,0],"3":[0,0],"4":[0,0],"5":[0,0]},"_coverageSchema":"1a1c01bbd47fc00a2c39e90264f33305004495a9","hash":"522ee663a81adf6ea6c52a3f7d8eb03dd1384b1b"}
,"D:\\vscode-workspace\\team01-FinalProject\\controllers\\payment.js": {"path":"D:\\vscode-workspace\\team01-FinalProject\\controllers\\payment.js","statementMap":{"0":{"start":{"line":1,"column":16},"end":{"line":1,"column":43}},"1":{"start":{"line":2,"column":21},"end":{"line":2,"column":39}},"2":{"start":{"line":3,"column":21},"end":{"line":3,"column":49}},"3":{"start":{"line":4,"column":18},"end":{"line":4,"column":43}},"4":{"start":{"line":5,"column":19},"end":{"line":5,"column":45}},"5":{"start":{"line":7,"column":15},"end":{"line":16,"column":1}},"6":{"start":{"line":8,"column":2},"end":{"line":15,"column":3}},"7":{"start":{"line":9,"column":19},"end":{"line":9,"column":46}},"8":{"start":{"line":10,"column":4},"end":{"line":10,"column":54}},"9":{"start":{"line":11,"column":4},"end":{"line":11,"column":33}},"10":{"start":{"line":13,"column":4},"end":{"line":13,"column":49}},"11":{"start":{"line":14,"column":4},"end":{"line":14,"column":63}},"12":{"start":{"line":18,"column":18},"end":{"line":33,"column":1}},"13":{"start":{"line":19,"column":2},"end":{"line":32,"column":3}},"14":{"start":{"line":20,"column":20},"end":{"line":20,"column":47}},"15":{"start":{"line":21,"column":19},"end":{"line":21,"column":54}},"16":{"start":{"line":23,"column":4},"end":{"line":23,"column":54}},"17":{"start":{"line":24,"column":4},"end":{"line":28,"column":5}},"18":{"start":{"line":25,"column":6},"end":{"line":25,"column":35}},"19":{"start":{"line":27,"column":6},"end":{"line":27,"column":61}},"20":{"start":{"line":30,"column":4},"end":{"line":30,"column":49}},"21":{"start":{"line":31,"column":4},"end":{"line":31,"column":63}},"22":{"start":{"line":35,"column":22},"end":{"line":94,"column":1}},"23":{"start":{"line":36,"column":2},"end":{"line":93,"column":3}},"24":{"start":{"line":37,"column":20},"end":{"line":37,"column":50}},"25":{"start":{"line":38,"column":26},"end":{"line":38,"column":48}},"26":{"start":{"line":41,"column":18},"end":{"line":41,"column":51}},"27":{"start":{"line":42,"column":4},"end":{"line":44,"column":5}},"28":{"start":{"line":43,"column":6},"end":{"line":43,"column":66}},"29":{"start":{"line":47,"column":20},"end":{"line":47,"column":79}},"30":{"start":{"line":47,"column":49},"end":{"line":47,"column":78}},"31":{"start":{"line":50,"column":22},"end":{"line":50,"column":59}},"32":{"start":{"line":53,"column":19},"end":{"line":53,"column":20}},"33":{"start":{"line":55,"column":4},"end":{"line":63,"column":5}},"34":{"start":{"line":56,"column":27},"end":{"line":58,"column":7}},"35":{"start":{"line":57,"column":8},"end":{"line":57,"column":58}},"36":{"start":{"line":60,"column":6},"end":{"line":62,"column":7}},"37":{"start":{"line":61,"column":8},"end":{"line":61,"column":55}},"38":{"start":{"line":66,"column":20},"end":{"line":66,"column":23}},"39":{"start":{"line":67,"column":16},"end":{"line":67,"column":59}},"40":{"start":{"line":68,"column":18},"end":{"line":68,"column":57}},"41":{"start":{"line":71,"column":20},"end":{"line":79,"column":5}},"42":{"start":{"line":82,"column":19},"end":{"line":82,"column":60}},"43":{"start":{"line":84,"column":4},"end":{"line":88,"column":7}},"44":{"start":{"line":91,"column":4},"end":{"line":91,"column":52}},"45":{"start":{"line":92,"column":4},"end":{"line":92,"column":71}},"46":{"start":{"line":96,"column":22},"end":{"line":116,"column":1}},"47":{"start":{"line":97,"column":2},"end":{"line":115,"column":3}},"48":{"start":{"line":98,"column":22},"end":{"line":98,"column":49}},"49":{"start":{"line":99,"column":38},"end":{"line":99,"column":46}},"50":{"start":{"line":101,"column":20},"end":{"line":103,"column":5}},"51":{"start":{"line":105,"column":21},"end":{"line":105,"column":83}},"52":{"start":{"line":107,"column":4},"end":{"line":111,"column":5}},"53":{"start":{"line":108,"column":6},"end":{"line":108,"column":72}},"54":{"start":{"line":110,"column":6},"end":{"line":110,"column":61}},"55":{"start":{"line":113,"column":4},"end":{"line":113,"column":52}},"56":{"start":{"line":114,"column":4},"end":{"line":114,"column":77}},"57":{"start":{"line":118,"column":22},"end":{"line":140,"column":3}},"58":{"start":{"line":119,"column":2},"end":{"line":139,"column":5}},"59":{"start":{"line":121,"column":6},"end":{"line":123,"column":7}},"60":{"start":{"line":122,"column":8},"end":{"line":122,"column":77}},"61":{"start":{"line":125,"column":24},"end":{"line":125,"column":51}},"62":{"start":{"line":126,"column":23},"end":{"line":126,"column":66}},"63":{"start":{"line":128,"column":6},"end":{"line":135,"column":7}},"64":{"start":{"line":129,"column":8},"end":{"line":132,"column":11}},"65":{"start":{"line":134,"column":8},"end":{"line":134,"column":64}},"66":{"start":{"line":137,"column":6},"end":{"line":137,"column":54}},"67":{"start":{"line":138,"column":6},"end":{"line":138,"column":105}},"68":{"start":{"line":142,"column":0},"end":{"line":142,"column":81}}},"fnMap":{"0":{"name":"(anonymous_0)","decl":{"start":{"line":7,"column":15},"end":{"line":7,"column":16}},"loc":{"start":{"line":7,"column":35},"end":{"line":16,"column":1}},"line":7},"1":{"name":"(anonymous_1)","decl":{"start":{"line":18,"column":18},"end":{"line":18,"column":19}},"loc":{"start":{"line":18,"column":38},"end":{"line":33,"column":1}},"line":18},"2":{"name":"(anonymous_2)","decl":{"start":{"line":35,"column":22},"end":{"line":35,"column":23}},"loc":{"start":{"line":35,"column":42},"end":{"line":94,"column":1}},"line":35},"3":{"name":"(anonymous_3)","decl":{"start":{"line":47,"column":41},"end":{"line":47,"column":42}},"loc":{"start":{"line":47,"column":49},"end":{"line":47,"column":78}},"line":47},"4":{"name":"(anonymous_4)","decl":{"start":{"line":56,"column":42},"end":{"line":56,"column":43}},"loc":{"start":{"line":57,"column":8},"end":{"line":57,"column":58}},"line":57},"5":{"name":"(anonymous_5)","decl":{"start":{"line":96,"column":22},"end":{"line":96,"column":23}},"loc":{"start":{"line":96,"column":42},"end":{"line":116,"column":1}},"line":96},"6":{"name":"(anonymous_6)","decl":{"start":{"line":118,"column":22},"end":{"line":118,"column":23}},"loc":{"start":{"line":118,"column":42},"end":{"line":140,"column":3}},"line":118}},"branchMap":{"0":{"loc":{"start":{"line":24,"column":4},"end":{"line":28,"column":5}},"type":"if","locations":[{"start":{"line":24,"column":4},"end":{"line":28,"column":5}},{"start":{"line":26,"column":11},"end":{"line":28,"column":5}}],"line":24},"1":{"loc":{"start":{"line":42,"column":4},"end":{"line":44,"column":5}},"type":"if","locations":[{"start":{"line":42,"column":4},"end":{"line":44,"column":5}},{"start":{},"end":{}}],"line":42},"2":{"loc":{"start":{"line":60,"column":6},"end":{"line":62,"column":7}},"type":"if","locations":[{"start":{"line":60,"column":6},"end":{"line":62,"column":7}},{"start":{},"end":{}}],"line":60},"3":{"loc":{"start":{"line":60,"column":10},"end":{"line":60,"column":61}},"type":"binary-expr","locations":[{"start":{"line":60,"column":10},"end":{"line":60,"column":22}},{"start":{"line":60,"column":26},"end":{"line":60,"column":44}},{"start":{"line":60,"column":48},"end":{"line":60,"column":61}}],"line":60},"4":{"loc":{"start":{"line":107,"column":4},"end":{"line":111,"column":5}},"type":"if","locations":[{"start":{"line":107,"column":4},"end":{"line":111,"column":5}},{"start":{"line":109,"column":11},"end":{"line":111,"column":5}}],"line":107},"5":{"loc":{"start":{"line":121,"column":6},"end":{"line":123,"column":7}},"type":"if","locations":[{"start":{"line":121,"column":6},"end":{"line":123,"column":7}},{"start":{},"end":{}}],"line":121},"6":{"loc":{"start":{"line":128,"column":6},"end":{"line":135,"column":7}},"type":"if","locations":[{"start":{"line":128,"column":6},"end":{"line":135,"column":7}},{"start":{"line":133,"column":13},"end":{"line":135,"column":7}}],"line":128},"7":{"loc":{"start":{"line":138,"column":38},"end":{"line":138,"column":101}},"type":"binary-expr","locations":[{"start":{"line":138,"column":38},"end":{"line":138,"column":49}},{"start":{"line":138,"column":53},"end":{"line":138,"column":101}}],"line":138}},"s":{"0":4,"1":4,"2":4,"3":4,"4":4,"5":4,"6":3,"7":3,"8":2,"9":2,"10":1,"11":1,"12":4,"13":3,"14":3,"15":3,"16":2,"17":2,"18":1,"19":1,"20":1,"21":1,"22":4,"23":0,"24":0,"25":0,"26":0,"27":0,"28":0,"29":0,"30":0,"31":0,"32":0,"33":0,"34":0,"35":0,"36":0,"37":0,"38":0,"39":0,"40":0,"41":0,"42":0,"43":0,"44":0,"45":0,"46":4,"47":0,"48":0,"49":0,"50":0,"51":0,"52":0,"53":0,"54":0,"55":0,"56":0,"57":4,"58":0,"59":0,"60":0,"61":0,"62":0,"63":0,"64":0,"65":0,"66":0,"67":0,"68":4},"f":{"0":3,"1":3,"2":0,"3":0,"4":0,"5":0,"6":0},"b":{"0":[1,1],"1":[0,0],"2":[0,0],"3":[0,0,0],"4":[0,0],"5":[0,0],"6":[0,0],"7":[0,0]},"_coverageSchema":"1a1c01bbd47fc00a2c39e90264f33305004495a9","hash":"a1d6440223332a9b89c5a4bf88ce4666f944fe05"}
,"D:\\vscode-workspace\\team01-FinalProject\\controllers\\user.js": {"path":"D:\\vscode-workspace\\team01-FinalProject\\controllers\\user.js","statementMap":{"0":{"start":{"line":1,"column":18},"end":{"line":1,"column":43}},"1":{"start":{"line":2,"column":22},"end":{"line":2,"column":40}},"2":{"start":{"line":4,"column":15},"end":{"line":13,"column":1}},"3":{"start":{"line":5,"column":2},"end":{"line":12,"column":3}},"4":{"start":{"line":6,"column":19},"end":{"line":6,"column":43}},"5":{"start":{"line":7,"column":4},"end":{"line":7,"column":54}},"6":{"start":{"line":8,"column":4},"end":{"line":8,"column":33}},"7":{"start":{"line":10,"column":4},"end":{"line":10,"column":49}},"8":{"start":{"line":11,"column":4},"end":{"line":11,"column":63}},"9":{"start":{"line":15,"column":18},"end":{"line":30,"column":1}},"10":{"start":{"line":16,"column":2},"end":{"line":29,"column":3}},"11":{"start":{"line":17,"column":19},"end":{"line":17,"column":46}},"12":{"start":{"line":18,"column":19},"end":{"line":18,"column":50}},"13":{"start":{"line":20,"column":4},"end":{"line":20,"column":54}},"14":{"start":{"line":21,"column":4},"end":{"line":25,"column":5}},"15":{"start":{"line":22,"column":6},"end":{"line":22,"column":35}},"16":{"start":{"line":24,"column":6},"end":{"line":24,"column":58}},"17":{"start":{"line":27,"column":4},"end":{"line":27,"column":49}},"18":{"start":{"line":28,"column":4},"end":{"line":28,"column":63}},"19":{"start":{"line":32,"column":19},"end":{"line":40,"column":1}},"20":{"start":{"line":33,"column":28},"end":{"line":33,"column":36}},"21":{"start":{"line":34,"column":19},"end":{"line":34,"column":62}},"22":{"start":{"line":35,"column":2},"end":{"line":39,"column":3}},"23":{"start":{"line":36,"column":4},"end":{"line":36,"column":79}},"24":{"start":{"line":38,"column":4},"end":{"line":38,"column":93}},"25":{"start":{"line":42,"column":19},"end":{"line":51,"column":1}},"26":{"start":{"line":43,"column":20},"end":{"line":43,"column":47}},"27":{"start":{"line":44,"column":28},"end":{"line":44,"column":36}},"28":{"start":{"line":45,"column":19},"end":{"line":45,"column":73}},"29":{"start":{"line":46,"column":2},"end":{"line":50,"column":3}},"30":{"start":{"line":47,"column":4},"end":{"line":47,"column":78}},"31":{"start":{"line":49,"column":4},"end":{"line":49,"column":89}},"32":{"start":{"line":53,"column":23},"end":{"line":62,"column":1}},"33":{"start":{"line":54,"column":20},"end":{"line":54,"column":47}},"34":{"start":{"line":55,"column":17},"end":{"line":55,"column":25}},"35":{"start":{"line":56,"column":19},"end":{"line":56,"column":66}},"36":{"start":{"line":57,"column":2},"end":{"line":61,"column":3}},"37":{"start":{"line":58,"column":4},"end":{"line":58,"column":27}},"38":{"start":{"line":60,"column":4},"end":{"line":60,"column":93}},"39":{"start":{"line":64,"column":19},"end":{"line":86,"column":3}},"40":{"start":{"line":65,"column":2},"end":{"line":85,"column":5}},"41":{"start":{"line":67,"column":6},"end":{"line":69,"column":7}},"42":{"start":{"line":68,"column":8},"end":{"line":68,"column":79}},"43":{"start":{"line":71,"column":24},"end":{"line":71,"column":51}},"44":{"start":{"line":72,"column":23},"end":{"line":72,"column":60}},"45":{"start":{"line":74,"column":6},"end":{"line":81,"column":7}},"46":{"start":{"line":75,"column":8},"end":{"line":78,"column":11}},"47":{"start":{"line":80,"column":8},"end":{"line":80,"column":64}},"48":{"start":{"line":83,"column":6},"end":{"line":83,"column":54}},"49":{"start":{"line":84,"column":6},"end":{"line":84,"column":105}},"50":{"start":{"line":88,"column":0},"end":{"line":88,"column":88}}},"fnMap":{"0":{"name":"(anonymous_0)","decl":{"start":{"line":4,"column":15},"end":{"line":4,"column":16}},"loc":{"start":{"line":4,"column":35},"end":{"line":13,"column":1}},"line":4},"1":{"name":"(anonymous_1)","decl":{"start":{"line":15,"column":18},"end":{"line":15,"column":19}},"loc":{"start":{"line":15,"column":38},"end":{"line":30,"column":1}},"line":15},"2":{"name":"(anonymous_2)","decl":{"start":{"line":32,"column":19},"end":{"line":32,"column":20}},"loc":{"start":{"line":32,"column":39},"end":{"line":40,"column":1}},"line":32},"3":{"name":"(anonymous_3)","decl":{"start":{"line":42,"column":19},"end":{"line":42,"column":20}},"loc":{"start":{"line":42,"column":39},"end":{"line":51,"column":1}},"line":42},"4":{"name":"(anonymous_4)","decl":{"start":{"line":53,"column":23},"end":{"line":53,"column":24}},"loc":{"start":{"line":53,"column":43},"end":{"line":62,"column":1}},"line":53},"5":{"name":"(anonymous_5)","decl":{"start":{"line":64,"column":19},"end":{"line":64,"column":20}},"loc":{"start":{"line":64,"column":39},"end":{"line":86,"column":3}},"line":64}},"branchMap":{"0":{"loc":{"start":{"line":21,"column":4},"end":{"line":25,"column":5}},"type":"if","locations":[{"start":{"line":21,"column":4},"end":{"line":25,"column":5}},{"start":{"line":23,"column":11},"end":{"line":25,"column":5}}],"line":21},"1":{"loc":{"start":{"line":35,"column":2},"end":{"line":39,"column":3}},"type":"if","locations":[{"start":{"line":35,"column":2},"end":{"line":39,"column":3}},{"start":{"line":37,"column":8},"end":{"line":39,"column":3}}],"line":35},"2":{"loc":{"start":{"line":38,"column":25},"end":{"line":38,"column":92}},"type":"binary-expr","locations":[{"start":{"line":38,"column":25},"end":{"line":38,"column":39}},{"start":{"line":38,"column":43},"end":{"line":38,"column":92}}],"line":38},"3":{"loc":{"start":{"line":46,"column":2},"end":{"line":50,"column":3}},"type":"if","locations":[{"start":{"line":46,"column":2},"end":{"line":50,"column":3}},{"start":{"line":48,"column":8},"end":{"line":50,"column":3}}],"line":46},"4":{"loc":{"start":{"line":49,"column":25},"end":{"line":49,"column":88}},"type":"binary-expr","locations":[{"start":{"line":49,"column":25},"end":{"line":49,"column":39}},{"start":{"line":49,"column":43},"end":{"line":49,"column":88}}],"line":49},"5":{"loc":{"start":{"line":57,"column":2},"end":{"line":61,"column":3}},"type":"if","locations":[{"start":{"line":57,"column":2},"end":{"line":61,"column":3}},{"start":{"line":59,"column":8},"end":{"line":61,"column":3}}],"line":57},"6":{"loc":{"start":{"line":60,"column":25},"end":{"line":60,"column":92}},"type":"binary-expr","locations":[{"start":{"line":60,"column":25},"end":{"line":60,"column":39}},{"start":{"line":60,"column":43},"end":{"line":60,"column":92}}],"line":60},"7":{"loc":{"start":{"line":67,"column":6},"end":{"line":69,"column":7}},"type":"if","locations":[{"start":{"line":67,"column":6},"end":{"line":69,"column":7}},{"start":{},"end":{}}],"line":67},"8":{"loc":{"start":{"line":74,"column":6},"end":{"line":81,"column":7}},"type":"if","locations":[{"start":{"line":74,"column":6},"end":{"line":81,"column":7}},{"start":{"line":79,"column":13},"end":{"line":81,"column":7}}],"line":74},"9":{"loc":{"start":{"line":84,"column":38},"end":{"line":84,"column":101}},"type":"binary-expr","locations":[{"start":{"line":84,"column":38},"end":{"line":84,"column":49}},{"start":{"line":84,"column":53},"end":{"line":84,"column":101}}],"line":84}},"s":{"0":4,"1":4,"2":4,"3":3,"4":3,"5":2,"6":2,"7":1,"8":1,"9":4,"10":3,"11":3,"12":3,"13":2,"14":2,"15":1,"16":1,"17":1,"18":1,"19":4,"20":0,"21":0,"22":0,"23":0,"24":0,"25":4,"26":0,"27":0,"28":0,"29":0,"30":0,"31":0,"32":4,"33":0,"34":0,"35":0,"36":0,"37":0,"38":0,"39":4,"40":0,"41":0,"42":0,"43":0,"44":0,"45":0,"46":0,"47":0,"48":0,"49":0,"50":4},"f":{"0":3,"1":3,"2":0,"3":0,"4":0,"5":0},"b":{"0":[1,1],"1":[0,0],"2":[0,0],"3":[0,0],"4":[0,0],"5":[0,0],"6":[0,0],"7":[0,0],"8":[0,0],"9":[0,0]},"_coverageSchema":"1a1c01bbd47fc00a2c39e90264f33305004495a9","hash":"3d7cddbdaae7b1a98a1d6a8ae86356826900a6b7"}
,"D:\\vscode-workspace\\team01-FinalProject\\data\\database.js": {"path":"D:\\vscode-workspace\\team01-FinalProject\\data\\database.js","statementMap":{"0":{"start":{"line":1,"column":15},"end":{"line":1,"column":32}},"1":{"start":{"line":2,"column":0},"end":{"line":2,"column":16}},"2":{"start":{"line":4,"column":20},"end":{"line":4,"column":50}},"3":{"start":{"line":8,"column":15},"end":{"line":24,"column":1}},"4":{"start":{"line":9,"column":2},"end":{"line":12,"column":3}},"5":{"start":{"line":10,"column":4},"end":{"line":10,"column":54}},"6":{"start":{"line":11,"column":4},"end":{"line":11,"column":36}},"7":{"start":{"line":14,"column":2},"end":{"line":23,"column":7}},"8":{"start":{"line":16,"column":6},"end":{"line":16,"column":42}},"9":{"start":{"line":17,"column":6},"end":{"line":17,"column":58}},"10":{"start":{"line":18,"column":6},"end":{"line":18,"column":31}},"11":{"start":{"line":21,"column":6},"end":{"line":21,"column":56}},"12":{"start":{"line":22,"column":6},"end":{"line":22,"column":20}},"13":{"start":{"line":26,"column":20},"end":{"line":31,"column":1}},"14":{"start":{"line":27,"column":2},"end":{"line":29,"column":3}},"15":{"start":{"line":28,"column":4},"end":{"line":28,"column":51}},"16":{"start":{"line":30,"column":2},"end":{"line":30,"column":18}},"17":{"start":{"line":33,"column":0},"end":{"line":36,"column":2}}},"fnMap":{"0":{"name":"(anonymous_0)","decl":{"start":{"line":8,"column":15},"end":{"line":8,"column":16}},"loc":{"start":{"line":8,"column":29},"end":{"line":24,"column":1}},"line":8},"1":{"name":"(anonymous_1)","decl":{"start":{"line":15,"column":10},"end":{"line":15,"column":11}},"loc":{"start":{"line":15,"column":22},"end":{"line":19,"column":5}},"line":15},"2":{"name":"(anonymous_2)","decl":{"start":{"line":20,"column":11},"end":{"line":20,"column":12}},"loc":{"start":{"line":20,"column":20},"end":{"line":23,"column":5}},"line":20},"3":{"name":"(anonymous_3)","decl":{"start":{"line":26,"column":20},"end":{"line":26,"column":21}},"loc":{"start":{"line":26,"column":26},"end":{"line":31,"column":1}},"line":26}},"branchMap":{"0":{"loc":{"start":{"line":9,"column":2},"end":{"line":12,"column":3}},"type":"if","locations":[{"start":{"line":9,"column":2},"end":{"line":12,"column":3}},{"start":{},"end":{}}],"line":9},"1":{"loc":{"start":{"line":27,"column":2},"end":{"line":29,"column":3}},"type":"if","locations":[{"start":{"line":27,"column":2},"end":{"line":29,"column":3}},{"start":{},"end":{}}],"line":27}},"s":{"0":8,"1":8,"2":8,"3":8,"4":0,"5":0,"6":0,"7":0,"8":0,"9":0,"10":0,"11":0,"12":0,"13":8,"14":0,"15":0,"16":0,"17":8},"f":{"0":0,"1":0,"2":0,"3":0},"b":{"0":[0,0],"1":[0,0]},"_coverageSchema":"1a1c01bbd47fc00a2c39e90264f33305004495a9","hash":"8b8a31ac1d1a77f81b5f6ee05e03ea7f2667d9af"}
,"D:\\vscode-workspace\\team01-FinalProject\\helpers\\validate.js": {"path":"D:\\vscode-workspace\\team01-FinalProject\\helpers\\validate.js","statementMap":{"0":{"start":{"line":1,"column":18},"end":{"line":1,"column":40}},"1":{"start":{"line":2,"column":18},"end":{"line":6,"column":1}},"2":{"start":{"line":3,"column":21},"end":{"line":3,"column":63}},"3":{"start":{"line":4,"column":2},"end":{"line":4,"column":48}},"4":{"start":{"line":4,"column":26},"end":{"line":4,"column":46}},"5":{"start":{"line":5,"column":2},"end":{"line":5,"column":61}},"6":{"start":{"line":5,"column":25},"end":{"line":5,"column":59}},"7":{"start":{"line":8,"column":0},"end":{"line":8,"column":27}}},"fnMap":{"0":{"name":"(anonymous_0)","decl":{"start":{"line":2,"column":18},"end":{"line":2,"column":19}},"loc":{"start":{"line":2,"column":61},"end":{"line":6,"column":1}},"line":2},"1":{"name":"(anonymous_1)","decl":{"start":{"line":4,"column":20},"end":{"line":4,"column":21}},"loc":{"start":{"line":4,"column":26},"end":{"line":4,"column":46}},"line":4},"2":{"name":"(anonymous_2)","decl":{"start":{"line":5,"column":19},"end":{"line":5,"column":20}},"loc":{"start":{"line":5,"column":25},"end":{"line":5,"column":59}},"line":5}},"branchMap":{},"s":{"0":4,"1":4,"2":0,"3":0,"4":0,"5":0,"6":0,"7":4},"f":{"0":0,"1":0,"2":0},"b":{},"_coverageSchema":"1a1c01bbd47fc00a2c39e90264f33305004495a9","hash":"a4490bb9be8a7228e58e168503ced03d3c363fd5"}
,"D:\\vscode-workspace\\team01-FinalProject\\middleware\\validate.js": {"path":"D:\\vscode-workspace\\team01-FinalProject\\middleware\\validate.js","statementMap":{"0":{"start":{"line":1,"column":18},"end":{"line":1,"column":48}},"1":{"start":{"line":2,"column":18},"end":{"line":2,"column":40}},"2":{"start":{"line":3,"column":17},"end":{"line":19,"column":1}},"3":{"start":{"line":4,"column":25},"end":{"line":7,"column":3}},"4":{"start":{"line":9,"column":2},"end":{"line":18,"column":5}},"5":{"start":{"line":10,"column":4},"end":{"line":16,"column":5}},"6":{"start":{"line":11,"column":6},"end":{"line":15,"column":9}},"7":{"start":{"line":17,"column":4},"end":{"line":17,"column":11}},"8":{"start":{"line":22,"column":21},"end":{"line":37,"column":1}},"9":{"start":{"line":23,"column":25},"end":{"line":25,"column":3}},"10":{"start":{"line":27,"column":2},"end":{"line":36,"column":5}},"11":{"start":{"line":28,"column":4},"end":{"line":34,"column":5}},"12":{"start":{"line":29,"column":6},"end":{"line":33,"column":9}},"13":{"start":{"line":35,"column":4},"end":{"line":35,"column":11}},"14":{"start":{"line":39,"column":25},"end":{"line":60,"column":1}},"15":{"start":{"line":40,"column":25},"end":{"line":47,"column":3}},"16":{"start":{"line":49,"column":2},"end":{"line":59,"column":5}},"17":{"start":{"line":50,"column":4},"end":{"line":58,"column":5}},"18":{"start":{"line":51,"column":6},"end":{"line":55,"column":9}},"19":{"start":{"line":57,"column":6},"end":{"line":57,"column":13}},"20":{"start":{"line":61,"column":29},"end":{"line":82,"column":1}},"21":{"start":{"line":62,"column":25},"end":{"line":69,"column":3}},"22":{"start":{"line":71,"column":2},"end":{"line":81,"column":5}},"23":{"start":{"line":72,"column":4},"end":{"line":80,"column":5}},"24":{"start":{"line":73,"column":6},"end":{"line":77,"column":9}},"25":{"start":{"line":79,"column":6},"end":{"line":79,"column":13}},"26":{"start":{"line":85,"column":18},"end":{"line":91,"column":5}},"27":{"start":{"line":94,"column":17},"end":{"line":94,"column":19}},"28":{"start":{"line":95,"column":4},"end":{"line":99,"column":7}},"29":{"start":{"line":96,"column":8},"end":{"line":98,"column":9}},"30":{"start":{"line":97,"column":12},"end":{"line":97,"column":38}},"31":{"start":{"line":101,"column":23},"end":{"line":101,"column":49}},"32":{"start":{"line":103,"column":4},"end":{"line":105,"column":5}},"33":{"start":{"line":104,"column":8},"end":{"line":104,"column":61}},"34":{"start":{"line":107,"column":4},"end":{"line":107,"column":11}},"35":{"start":{"line":111,"column":17},"end":{"line":113,"column":5}},"36":{"start":{"line":115,"column":18},"end":{"line":117,"column":5}},"37":{"start":{"line":119,"column":23},"end":{"line":119,"column":49}},"38":{"start":{"line":121,"column":4},"end":{"line":123,"column":5}},"39":{"start":{"line":122,"column":8},"end":{"line":122,"column":61}},"40":{"start":{"line":125,"column":4},"end":{"line":125,"column":11}},"41":{"start":{"line":129,"column":31},"end":{"line":151,"column":1}},"42":{"start":{"line":130,"column":25},"end":{"line":138,"column":3}},"43":{"start":{"line":140,"column":2},"end":{"line":150,"column":5}},"44":{"start":{"line":141,"column":4},"end":{"line":149,"column":5}},"45":{"start":{"line":142,"column":6},"end":{"line":146,"column":9}},"46":{"start":{"line":148,"column":6},"end":{"line":148,"column":13}},"47":{"start":{"line":154,"column":18},"end":{"line":161,"column":5}},"48":{"start":{"line":164,"column":17},"end":{"line":164,"column":19}},"49":{"start":{"line":165,"column":4},"end":{"line":169,"column":7}},"50":{"start":{"line":166,"column":8},"end":{"line":168,"column":9}},"51":{"start":{"line":167,"column":12},"end":{"line":167,"column":38}},"52":{"start":{"line":171,"column":23},"end":{"line":171,"column":49}},"53":{"start":{"line":173,"column":4},"end":{"line":175,"column":5}},"54":{"start":{"line":174,"column":8},"end":{"line":174,"column":61}},"55":{"start":{"line":177,"column":4},"end":{"line":177,"column":11}},"56":{"start":{"line":181,"column":17},"end":{"line":183,"column":5}},"57":{"start":{"line":185,"column":18},"end":{"line":187,"column":5}},"58":{"start":{"line":189,"column":23},"end":{"line":189,"column":49}},"59":{"start":{"line":191,"column":4},"end":{"line":193,"column":5}},"60":{"start":{"line":192,"column":8},"end":{"line":192,"column":61}},"61":{"start":{"line":195,"column":4},"end":{"line":195,"column":11}},"62":{"start":{"line":202,"column":0},"end":{"line":205,"column":2}}},"fnMap":{"0":{"name":"(anonymous_0)","decl":{"start":{"line":3,"column":17},"end":{"line":3,"column":18}},"loc":{"start":{"line":3,"column":37},"end":{"line":19,"column":1}},"line":3},"1":{"name":"(anonymous_1)","decl":{"start":{"line":9,"column":42},"end":{"line":9,"column":43}},"loc":{"start":{"line":9,"column":59},"end":{"line":18,"column":3}},"line":9},"2":{"name":"(anonymous_2)","decl":{"start":{"line":22,"column":21},"end":{"line":22,"column":22}},"loc":{"start":{"line":22,"column":41},"end":{"line":37,"column":1}},"line":22},"3":{"name":"(anonymous_3)","decl":{"start":{"line":27,"column":42},"end":{"line":27,"column":43}},"loc":{"start":{"line":27,"column":59},"end":{"line":36,"column":3}},"line":27},"4":{"name":"(anonymous_4)","decl":{"start":{"line":39,"column":25},"end":{"line":39,"column":26}},"loc":{"start":{"line":39,"column":45},"end":{"line":60,"column":1}},"line":39},"5":{"name":"(anonymous_5)","decl":{"start":{"line":49,"column":42},"end":{"line":49,"column":43}},"loc":{"start":{"line":49,"column":59},"end":{"line":59,"column":3}},"line":49},"6":{"name":"(anonymous_6)","decl":{"start":{"line":61,"column":29},"end":{"line":61,"column":30}},"loc":{"start":{"line":61,"column":49},"end":{"line":82,"column":1}},"line":61},"7":{"name":"(anonymous_7)","decl":{"start":{"line":71,"column":42},"end":{"line":71,"column":43}},"loc":{"start":{"line":71,"column":59},"end":{"line":81,"column":3}},"line":71},"8":{"name":"validateUpdateOrders","decl":{"start":{"line":84,"column":9},"end":{"line":84,"column":29}},"loc":{"start":{"line":84,"column":46},"end":{"line":108,"column":1}},"line":84},"9":{"name":"(anonymous_9)","decl":{"start":{"line":95,"column":31},"end":{"line":95,"column":32}},"loc":{"start":{"line":95,"column":38},"end":{"line":99,"column":5}},"line":95},"10":{"name":"validateDeleteOrder","decl":{"start":{"line":110,"column":9},"end":{"line":110,"column":28}},"loc":{"start":{"line":110,"column":45},"end":{"line":126,"column":1}},"line":110},"11":{"name":"(anonymous_11)","decl":{"start":{"line":129,"column":31},"end":{"line":129,"column":32}},"loc":{"start":{"line":129,"column":51},"end":{"line":151,"column":1}},"line":129},"12":{"name":"(anonymous_12)","decl":{"start":{"line":140,"column":42},"end":{"line":140,"column":43}},"loc":{"start":{"line":140,"column":59},"end":{"line":150,"column":3}},"line":140},"13":{"name":"validateUpdatePayments","decl":{"start":{"line":153,"column":9},"end":{"line":153,"column":31}},"loc":{"start":{"line":153,"column":48},"end":{"line":178,"column":1}},"line":153},"14":{"name":"(anonymous_14)","decl":{"start":{"line":165,"column":31},"end":{"line":165,"column":32}},"loc":{"start":{"line":165,"column":38},"end":{"line":169,"column":5}},"line":165},"15":{"name":"validateDeletePayments","decl":{"start":{"line":180,"column":9},"end":{"line":180,"column":31}},"loc":{"start":{"line":180,"column":48},"end":{"line":196,"column":1}},"line":180}},"branchMap":{"0":{"loc":{"start":{"line":10,"column":4},"end":{"line":16,"column":5}},"type":"if","locations":[{"start":{"line":10,"column":4},"end":{"line":16,"column":5}},{"start":{},"end":{}}],"line":10},"1":{"loc":{"start":{"line":28,"column":4},"end":{"line":34,"column":5}},"type":"if","locations":[{"start":{"line":28,"column":4},"end":{"line":34,"column":5}},{"start":{},"end":{}}],"line":28},"2":{"loc":{"start":{"line":50,"column":4},"end":{"line":58,"column":5}},"type":"if","locations":[{"start":{"line":50,"column":4},"end":{"line":58,"column":5}},{"start":{"line":56,"column":11},"end":{"line":58,"column":5}}],"line":50},"3":{"loc":{"start":{"line":72,"column":4},"end":{"line":80,"column":5}},"type":"if","locations":[{"start":{"line":72,"column":4},"end":{"line":80,"column":5}},{"start":{"line":78,"column":11},"end":{"line":80,"column":5}}],"line":72},"4":{"loc":{"start":{"line":96,"column":8},"end":{"line":98,"column":9}},"type":"if","locations":[{"start":{"line":96,"column":8},"end":{"line":98,"column":9}},{"start":{},"end":{}}],"line":96},"5":{"loc":{"start":{"line":103,"column":4},"end":{"line":105,"column":5}},"type":"if","locations":[{"start":{"line":103,"column":4},"end":{"line":105,"column":5}},{"start":{},"end":{}}],"line":103},"6":{"loc":{"start":{"line":112,"column":12},"end":{"line":112,"column":40}},"type":"binary-expr","locations":[{"start":{"line":112,"column":12},"end":{"line":112,"column":25}},{"start":{"line":112,"column":29},"end":{"line":112,"column":40}}],"line":112},"7":{"loc":{"start":{"line":121,"column":4},"end":{"line":123,"column":5}},"type":"if","locations":[{"start":{"line":121,"column":4},"end":{"line":123,"column":5}},{"start":{},"end":{}}],"line":121},"8":{"loc":{"start":{"line":141,"column":4},"end":{"line":149,"column":5}},"type":"if","locations":[{"start":{"line":141,"column":4},"end":{"line":149,"column":5}},{"start":{"line":147,"column":11},"end":{"line":149,"column":5}}],"line":141},"9":{"loc":{"start":{"line":166,"column":8},"end":{"line":168,"column":9}},"type":"if","locations":[{"start":{"line":166,"column":8},"end":{"line":168,"column":9}},{"start":{},"end":{}}],"line":166},"10":{"loc":{"start":{"line":173,"column":4},"end":{"line":175,"column":5}},"type":"if","locations":[{"start":{"line":173,"column":4},"end":{"line":175,"column":5}},{"start":{},"end":{}}],"line":173},"11":{"loc":{"start":{"line":182,"column":12},"end":{"line":182,"column":40}},"type":"binary-expr","locations":[{"start":{"line":182,"column":12},"end":{"line":182,"column":25}},{"start":{"line":182,"column":29},"end":{"line":182,"column":40}}],"line":182},"12":{"loc":{"start":{"line":191,"column":4},"end":{"line":193,"column":5}},"type":"if","locations":[{"start":{"line":191,"column":4},"end":{"line":193,"column":5}},{"start":{},"end":{}}],"line":191}},"s":{"0":4,"1":4,"2":4,"3":0,"4":0,"5":0,"6":0,"7":0,"8":4,"9":0,"10":0,"11":0,"12":0,"13":0,"14":4,"15":0,"16":0,"17":0,"18":0,"19":0,"20":4,"21":0,"22":0,"23":0,"24":0,"25":0,"26":0,"27":0,"28":0,"29":0,"30":0,"31":0,"32":0,"33":0,"34":0,"35":0,"36":0,"37":0,"38":0,"39":0,"40":0,"41":4,"42":0,"43":0,"44":0,"45":0,"46":0,"47":0,"48":0,"49":0,"50":0,"51":0,"52":0,"53":0,"54":0,"55":0,"56":0,"57":0,"58":0,"59":0,"60":0,"61":0,"62":4},"f":{"0":0,"1":0,"2":0,"3":0,"4":0,"5":0,"6":0,"7":0,"8":0,"9":0,"10":0,"11":0,"12":0,"13":0,"14":0,"15":0},"b":{"0":[0,0],"1":[0,0],"2":[0,0],"3":[0,0],"4":[0,0],"5":[0,0],"6":[0,0],"7":[0,0],"8":[0,0],"9":[0,0],"10":[0,0],"11":[0,0],"12":[0,0]},"_coverageSchema":"1a1c01bbd47fc00a2c39e90264f33305004495a9","hash":"128394b0e88c1b94a4af9e051e9d7fcfff029c63"}
,"D:\\vscode-workspace\\team01-FinalProject\\models\\menu.js": {"path":"D:\\vscode-workspace\\team01-FinalProject\\models\\menu.js","statementMap":{"0":{"start":{"line":1,"column":24},"end":{"line":1,"column":51}},"1":{"start":{"line":2,"column":17},"end":{"line":2,"column":44}},"2":{"start":{"line":5,"column":17},"end":{"line":5,"column":72}},"3":{"start":{"line":6,"column":4},"end":{"line":6,"column":16}},"4":{"start":{"line":9,"column":19},"end":{"line":9,"column":35}},"5":{"start":{"line":10,"column":17},"end":{"line":10,"column":87}},"6":{"start":{"line":11,"column":4},"end":{"line":11,"column":19}},"7":{"start":{"line":14,"column":4},"end":{"line":14,"column":66}},"8":{"start":{"line":18,"column":17},"end":{"line":18,"column":33}},"9":{"start":{"line":19,"column":4},"end":{"line":19,"column":91}},"10":{"start":{"line":23,"column":19},"end":{"line":23,"column":35}},"11":{"start":{"line":24,"column":4},"end":{"line":24,"column":75}},"12":{"start":{"line":28,"column":20},"end":{"line":28,"column":51}},"13":{"start":{"line":28,"column":34},"end":{"line":28,"column":50}},"14":{"start":{"line":29,"column":15},"end":{"line":29,"column":97}},"15":{"start":{"line":30,"column":2},"end":{"line":30,"column":14}},"16":{"start":{"line":33,"column":0},"end":{"line":33,"column":85}}},"fnMap":{"0":{"name":"getAll","decl":{"start":{"line":4,"column":15},"end":{"line":4,"column":21}},"loc":{"start":{"line":4,"column":24},"end":{"line":7,"column":1}},"line":4},"1":{"name":"getById","decl":{"start":{"line":8,"column":15},"end":{"line":8,"column":22}},"loc":{"start":{"line":8,"column":27},"end":{"line":12,"column":1}},"line":8},"2":{"name":"createMenu","decl":{"start":{"line":13,"column":15},"end":{"line":13,"column":25}},"loc":{"start":{"line":13,"column":32},"end":{"line":15,"column":1}},"line":13},"3":{"name":"updateMenu","decl":{"start":{"line":17,"column":15},"end":{"line":17,"column":25}},"loc":{"start":{"line":17,"column":36},"end":{"line":20,"column":1}},"line":17},"4":{"name":"deleteMenu","decl":{"start":{"line":22,"column":15},"end":{"line":22,"column":25}},"loc":{"start":{"line":22,"column":30},"end":{"line":25,"column":1}},"line":22},"5":{"name":"getManyByIds","decl":{"start":{"line":27,"column":15},"end":{"line":27,"column":27}},"loc":{"start":{"line":27,"column":33},"end":{"line":31,"column":1}},"line":27},"6":{"name":"(anonymous_6)","decl":{"start":{"line":28,"column":28},"end":{"line":28,"column":29}},"loc":{"start":{"line":28,"column":34},"end":{"line":28,"column":50}},"line":28}},"branchMap":{},"s":{"0":4,"1":4,"2":0,"3":0,"4":0,"5":0,"6":0,"7":0,"8":0,"9":0,"10":0,"11":0,"12":0,"13":0,"14":0,"15":0,"16":4},"f":{"0":0,"1":0,"2":0,"3":0,"4":0,"5":0,"6":0},"b":{},"_coverageSchema":"1a1c01bbd47fc00a2c39e90264f33305004495a9","hash":"0dfcc5ef43ac52b1269a9316bb37e0ef784dbf98"}
,"D:\\vscode-workspace\\team01-FinalProject\\models\\order.js": {"path":"D:\\vscode-workspace\\team01-FinalProject\\models\\order.js","statementMap":{"0":{"start":{"line":1,"column":24},"end":{"line":1,"column":51}},"1":{"start":{"line":2,"column":17},"end":{"line":2,"column":44}},"2":{"start":{"line":5,"column":18},"end":{"line":5,"column":75}},"3":{"start":{"line":6,"column":4},"end":{"line":6,"column":17}},"4":{"start":{"line":9,"column":20},"end":{"line":9,"column":36}},"5":{"start":{"line":10,"column":18},"end":{"line":10,"column":91}},"6":{"start":{"line":11,"column":4},"end":{"line":11,"column":20}},"7":{"start":{"line":15,"column":4},"end":{"line":15,"column":69}},"8":{"start":{"line":19,"column":18},"end":{"line":19,"column":34}},"9":{"start":{"line":20,"column":4},"end":{"line":20,"column":88}},"10":{"start":{"line":24,"column":18},"end":{"line":24,"column":34}},"11":{"start":{"line":25,"column":2},"end":{"line":28,"column":4}},"12":{"start":{"line":32,"column":20},"end":{"line":32,"column":36}},"13":{"start":{"line":33,"column":4},"end":{"line":33,"column":78}},"14":{"start":{"line":36,"column":0},"end":{"line":36,"column":93}}},"fnMap":{"0":{"name":"getAll","decl":{"start":{"line":4,"column":15},"end":{"line":4,"column":21}},"loc":{"start":{"line":4,"column":24},"end":{"line":7,"column":1}},"line":4},"1":{"name":"getById","decl":{"start":{"line":8,"column":15},"end":{"line":8,"column":22}},"loc":{"start":{"line":8,"column":27},"end":{"line":12,"column":1}},"line":8},"2":{"name":"createOrder","decl":{"start":{"line":14,"column":15},"end":{"line":14,"column":26}},"loc":{"start":{"line":14,"column":34},"end":{"line":16,"column":1}},"line":14},"3":{"name":"updateOrder","decl":{"start":{"line":18,"column":15},"end":{"line":18,"column":26}},"loc":{"start":{"line":18,"column":38},"end":{"line":21,"column":1}},"line":18},"4":{"name":"updateOrderStatus","decl":{"start":{"line":23,"column":15},"end":{"line":23,"column":32}},"loc":{"start":{"line":23,"column":49},"end":{"line":29,"column":1}},"line":23},"5":{"name":"deleteOrder","decl":{"start":{"line":31,"column":15},"end":{"line":31,"column":26}},"loc":{"start":{"line":31,"column":31},"end":{"line":34,"column":1}},"line":31}},"branchMap":{},"s":{"0":4,"1":4,"2":0,"3":0,"4":0,"5":0,"6":0,"7":0,"8":0,"9":0,"10":0,"11":0,"12":0,"13":0,"14":4},"f":{"0":0,"1":0,"2":0,"3":0,"4":0,"5":0},"b":{},"_coverageSchema":"1a1c01bbd47fc00a2c39e90264f33305004495a9","hash":"f845e371836c67ad67f317714dbac5000d30227a"}
,"D:\\vscode-workspace\\team01-FinalProject\\models\\payment.js": {"path":"D:\\vscode-workspace\\team01-FinalProject\\models\\payment.js","statementMap":{"0":{"start":{"line":1,"column":24},"end":{"line":1,"column":51}},"1":{"start":{"line":2,"column":17},"end":{"line":2,"column":44}},"2":{"start":{"line":5,"column":20},"end":{"line":5,"column":79}},"3":{"start":{"line":6,"column":4},"end":{"line":6,"column":19}},"4":{"start":{"line":9,"column":22},"end":{"line":9,"column":38}},"5":{"start":{"line":10,"column":20},"end":{"line":10,"column":97}},"6":{"start":{"line":11,"column":4},"end":{"line":11,"column":22}},"7":{"start":{"line":15,"column":4},"end":{"line":15,"column":73}},"8":{"start":{"line":19,"column":22},"end":{"line":19,"column":38}},"9":{"start":{"line":20,"column":4},"end":{"line":22,"column":53}},"10":{"start":{"line":26,"column":22},"end":{"line":26,"column":38}},"11":{"start":{"line":27,"column":4},"end":{"line":27,"column":82}},"12":{"start":{"line":30,"column":0},"end":{"line":30,"column":80}}},"fnMap":{"0":{"name":"getAll","decl":{"start":{"line":4,"column":15},"end":{"line":4,"column":21}},"loc":{"start":{"line":4,"column":24},"end":{"line":7,"column":1}},"line":4},"1":{"name":"getById","decl":{"start":{"line":8,"column":15},"end":{"line":8,"column":22}},"loc":{"start":{"line":8,"column":27},"end":{"line":12,"column":1}},"line":8},"2":{"name":"createPayment","decl":{"start":{"line":14,"column":15},"end":{"line":14,"column":28}},"loc":{"start":{"line":14,"column":38},"end":{"line":16,"column":1}},"line":14},"3":{"name":"updatePayment","decl":{"start":{"line":18,"column":15},"end":{"line":18,"column":28}},"loc":{"start":{"line":18,"column":47},"end":{"line":23,"column":1}},"line":18},"4":{"name":"deletePayment","decl":{"start":{"line":25,"column":15},"end":{"line":25,"column":28}},"loc":{"start":{"line":25,"column":33},"end":{"line":28,"column":1}},"line":25}},"branchMap":{},"s":{"0":4,"1":4,"2":0,"3":0,"4":0,"5":0,"6":0,"7":0,"8":0,"9":0,"10":0,"11":0,"12":4},"f":{"0":0,"1":0,"2":0,"3":0,"4":0},"b":{},"_coverageSchema":"1a1c01bbd47fc00a2c39e90264f33305004495a9","hash":"0979cab268d264012ff5165dc4818682969c9f4a"}
,"D:\\vscode-workspace\\team01-FinalProject\\models\\user.js": {"path":"D:\\vscode-workspace\\team01-FinalProject\\models\\user.js","statementMap":{"0":{"start":{"line":1,"column":24},"end":{"line":1,"column":51}},"1":{"start":{"line":2,"column":17},"end":{"line":2,"column":44}},"2":{"start":{"line":5,"column":18},"end":{"line":5,"column":74}},"3":{"start":{"line":6,"column":4},"end":{"line":6,"column":17}},"4":{"start":{"line":9,"column":19},"end":{"line":9,"column":35}},"5":{"start":{"line":10,"column":17},"end":{"line":10,"column":88}},"6":{"start":{"line":11,"column":4},"end":{"line":11,"column":19}},"7":{"start":{"line":14,"column":17},"end":{"line":14,"column":68}},"8":{"start":{"line":15,"column":4},"end":{"line":15,"column":67}},"9":{"start":{"line":19,"column":17},"end":{"line":19,"column":33}},"10":{"start":{"line":20,"column":19},"end":{"line":21,"column":58}},"11":{"start":{"line":22,"column":4},"end":{"line":22,"column":85}},"12":{"start":{"line":26,"column":17},"end":{"line":26,"column":33}},"13":{"start":{"line":27,"column":2},"end":{"line":30,"column":4}},"14":{"start":{"line":34,"column":19},"end":{"line":34,"column":35}},"15":{"start":{"line":35,"column":4},"end":{"line":35,"column":76}},"16":{"start":{"line":38,"column":0},"end":{"line":38,"column":87}}},"fnMap":{"0":{"name":"getAll","decl":{"start":{"line":4,"column":15},"end":{"line":4,"column":21}},"loc":{"start":{"line":4,"column":24},"end":{"line":7,"column":1}},"line":4},"1":{"name":"getById","decl":{"start":{"line":8,"column":15},"end":{"line":8,"column":22}},"loc":{"start":{"line":8,"column":27},"end":{"line":12,"column":1}},"line":8},"2":{"name":"createUser","decl":{"start":{"line":13,"column":15},"end":{"line":13,"column":25}},"loc":{"start":{"line":13,"column":43},"end":{"line":16,"column":1}},"line":13},"3":{"name":"updateUser","decl":{"start":{"line":18,"column":15},"end":{"line":18,"column":25}},"loc":{"start":{"line":18,"column":47},"end":{"line":23,"column":1}},"line":18},"4":{"name":"updateUserRole","decl":{"start":{"line":25,"column":15},"end":{"line":25,"column":29}},"loc":{"start":{"line":25,"column":40},"end":{"line":31,"column":1}},"line":25},"5":{"name":"deleteUser","decl":{"start":{"line":33,"column":15},"end":{"line":33,"column":25}},"loc":{"start":{"line":33,"column":30},"end":{"line":36,"column":1}},"line":33}},"branchMap":{},"s":{"0":4,"1":4,"2":0,"3":0,"4":0,"5":0,"6":0,"7":0,"8":0,"9":0,"10":0,"11":0,"12":0,"13":0,"14":0,"15":0,"16":4},"f":{"0":0,"1":0,"2":0,"3":0,"4":0,"5":0},"b":{},"_coverageSchema":"1a1c01bbd47fc00a2c39e90264f33305004495a9","hash":"9b6e68f08460c75d41bc56c52750c338f4b3a990"}
,"D:\\vscode-workspace\\team01-FinalProject\\routes\\index.js": {"path":"D:\\vscode-workspace\\team01-FinalProject\\routes\\index.js","statementMap":{"0":{"start":{"line":1,"column":16},"end":{"line":1,"column":34}},"1":{"start":{"line":2,"column":15},"end":{"line":2,"column":35}},"2":{"start":{"line":3,"column":19},"end":{"line":3,"column":36}},"3":{"start":{"line":4,"column":19},"end":{"line":4,"column":36}},"4":{"start":{"line":5,"column":17},"end":{"line":5,"column":36}},"5":{"start":{"line":7,"column":20},"end":{"line":7,"column":38}},"6":{"start":{"line":8,"column":22},"end":{"line":8,"column":42}},"7":{"start":{"line":12,"column":0},"end":{"line":14,"column":3}},"8":{"start":{"line":13,"column":4},"end":{"line":13,"column":102}},"9":{"start":{"line":17,"column":0},"end":{"line":17,"column":33}},"10":{"start":{"line":18,"column":0},"end":{"line":18,"column":32}},"11":{"start":{"line":19,"column":0},"end":{"line":19,"column":35}},"12":{"start":{"line":20,"column":0},"end":{"line":20,"column":38}},"13":{"start":{"line":21,"column":0},"end":{"line":21,"column":46}},"14":{"start":{"line":23,"column":0},"end":{"line":23,"column":72}},"15":{"start":{"line":25,"column":0},"end":{"line":32,"column":3}},"16":{"start":{"line":26,"column":4},"end":{"line":31,"column":7}},"17":{"start":{"line":27,"column":8},"end":{"line":29,"column":9}},"18":{"start":{"line":28,"column":12},"end":{"line":28,"column":29}},"19":{"start":{"line":30,"column":8},"end":{"line":30,"column":26}},"20":{"start":{"line":35,"column":0},"end":{"line":35,"column":24}}},"fnMap":{"0":{"name":"(anonymous_0)","decl":{"start":{"line":12,"column":16},"end":{"line":12,"column":17}},"loc":{"start":{"line":12,"column":30},"end":{"line":14,"column":1}},"line":12},"1":{"name":"(anonymous_1)","decl":{"start":{"line":23,"column":54},"end":{"line":23,"column":55}},"loc":{"start":{"line":23,"column":68},"end":{"line":23,"column":70}},"line":23},"2":{"name":"(anonymous_2)","decl":{"start":{"line":25,"column":22},"end":{"line":25,"column":23}},"loc":{"start":{"line":25,"column":42},"end":{"line":32,"column":1}},"line":25},"3":{"name":"(anonymous_3)","decl":{"start":{"line":26,"column":15},"end":{"line":26,"column":16}},"loc":{"start":{"line":26,"column":24},"end":{"line":31,"column":5}},"line":26}},"branchMap":{"0":{"loc":{"start":{"line":13,"column":13},"end":{"line":13,"column":100}},"type":"cond-expr","locations":[{"start":{"line":13,"column":46},"end":{"line":13,"column":85}},{"start":{"line":13,"column":88},"end":{"line":13,"column":100}}],"line":13},"1":{"loc":{"start":{"line":27,"column":8},"end":{"line":29,"column":9}},"type":"if","locations":[{"start":{"line":27,"column":8},"end":{"line":29,"column":9}},{"start":{},"end":{}}],"line":27}},"s":{"0":4,"1":4,"2":4,"3":4,"4":4,"5":4,"6":4,"7":4,"8":0,"9":4,"10":4,"11":4,"12":4,"13":4,"14":4,"15":4,"16":0,"17":0,"18":0,"19":0,"20":4},"f":{"0":0,"1":0,"2":0,"3":0},"b":{"0":[0,0],"1":[0,0]},"_coverageSchema":"1a1c01bbd47fc00a2c39e90264f33305004495a9","hash":"50fdfd847ac789a5db752b30d0064b7acc4529d9"}
,"D:\\vscode-workspace\\team01-FinalProject\\routes\\menu.js": {"path":"D:\\vscode-workspace\\team01-FinalProject\\routes\\menu.js","statementMap":{"0":{"start":{"line":2,"column":16},"end":{"line":2,"column":34}},"1":{"start":{"line":3,"column":15},"end":{"line":3,"column":31}},"2":{"start":{"line":4,"column":23},"end":{"line":4,"column":53}},"3":{"start":{"line":5,"column":17},"end":{"line":5,"column":50}},"4":{"start":{"line":7,"column":0},"end":{"line":11,"column":2}},"5":{"start":{"line":13,"column":0},"end":{"line":16,"column":28}},"6":{"start":{"line":18,"column":0},"end":{"line":23,"column":2}},"7":{"start":{"line":25,"column":0},"end":{"line":30,"column":2}},"8":{"start":{"line":32,"column":0},"end":{"line":36,"column":2}},"9":{"start":{"line":38,"column":0},"end":{"line":38,"column":24}}},"fnMap":{},"branchMap":{},"s":{"0":4,"1":4,"2":4,"3":4,"4":4,"5":4,"6":4,"7":4,"8":4,"9":4},"f":{},"b":{},"_coverageSchema":"1a1c01bbd47fc00a2c39e90264f33305004495a9","hash":"180d3db8242ffe721a8cd66b442d27444361e37c"}
,"D:\\vscode-workspace\\team01-FinalProject\\routes\\order.js": {"path":"D:\\vscode-workspace\\team01-FinalProject\\routes\\order.js","statementMap":{"0":{"start":{"line":2,"column":16},"end":{"line":2,"column":34}},"1":{"start":{"line":3,"column":15},"end":{"line":3,"column":31}},"2":{"start":{"line":4,"column":24},"end":{"line":4,"column":55}},"3":{"start":{"line":5,"column":17},"end":{"line":5,"column":50}},"4":{"start":{"line":7,"column":0},"end":{"line":11,"column":2}},"5":{"start":{"line":13,"column":0},"end":{"line":16,"column":29}},"6":{"start":{"line":18,"column":0},"end":{"line":23,"column":2}},"7":{"start":{"line":25,"column":0},"end":{"line":30,"column":2}},"8":{"start":{"line":32,"column":0},"end":{"line":36,"column":2}},"9":{"start":{"line":38,"column":0},"end":{"line":43,"column":2}},"10":{"start":{"line":45,"column":0},"end":{"line":45,"column":24}}},"fnMap":{},"branchMap":{},"s":{"0":4,"1":4,"2":4,"3":4,"4":4,"5":4,"6":4,"7":4,"8":4,"9":4,"10":4},"f":{},"b":{},"_coverageSchema":"1a1c01bbd47fc00a2c39e90264f33305004495a9","hash":"f86b9dab233d93818db587e375d20cd976d54506"}
,"D:\\vscode-workspace\\team01-FinalProject\\routes\\payment.js": {"path":"D:\\vscode-workspace\\team01-FinalProject\\routes\\payment.js","statementMap":{"0":{"start":{"line":2,"column":16},"end":{"line":2,"column":34}},"1":{"start":{"line":3,"column":15},"end":{"line":3,"column":31}},"2":{"start":{"line":4,"column":26},"end":{"line":4,"column":59}},"3":{"start":{"line":5,"column":17},"end":{"line":5,"column":50}},"4":{"start":{"line":7,"column":0},"end":{"line":11,"column":2}},"5":{"start":{"line":13,"column":0},"end":{"line":16,"column":31}},"6":{"start":{"line":18,"column":0},"end":{"line":23,"column":2}},"7":{"start":{"line":25,"column":0},"end":{"line":30,"column":2}},"8":{"start":{"line":32,"column":0},"end":{"line":37,"column":2}},"9":{"start":{"line":39,"column":0},"end":{"line":39,"column":24}}},"fnMap":{},"branchMap":{},"s":{"0":4,"1":4,"2":4,"3":4,"4":4,"5":4,"6":4,"7":4,"8":4,"9":4},"f":{},"b":{},"_coverageSchema":"1a1c01bbd47fc00a2c39e90264f33305004495a9","hash":"e893b5377aaf73fb9a9fcfbc89b8d80e0aa964ba"}
,"D:\\vscode-workspace\\team01-FinalProject\\routes\\swagger.js": {"path":"D:\\vscode-workspace\\team01-FinalProject\\routes\\swagger.js","statementMap":{"0":{"start":{"line":1,"column":15},"end":{"line":1,"column":42}},"1":{"start":{"line":2,"column":18},"end":{"line":2,"column":47}},"2":{"start":{"line":3,"column":24},"end":{"line":3,"column":50}},"3":{"start":{"line":4,"column":0},"end":{"line":4,"column":33}},"4":{"start":{"line":5,"column":0},"end":{"line":5,"column":50}},"5":{"start":{"line":7,"column":0},"end":{"line":7,"column":24}}},"fnMap":{},"branchMap":{},"s":{"0":4,"1":4,"2":4,"3":4,"4":4,"5":4},"f":{},"b":{},"_coverageSchema":"1a1c01bbd47fc00a2c39e90264f33305004495a9","hash":"30d829951feb9222b0a4bbe23bb8f02eafb6e1f4"}
,"D:\\vscode-workspace\\team01-FinalProject\\routes\\user.js": {"path":"D:\\vscode-workspace\\team01-FinalProject\\routes\\user.js","statementMap":{"0":{"start":{"line":2,"column":16},"end":{"line":2,"column":34}},"1":{"start":{"line":3,"column":15},"end":{"line":3,"column":31}},"2":{"start":{"line":4,"column":23},"end":{"line":4,"column":53}},"3":{"start":{"line":5,"column":17},"end":{"line":5,"column":50}},"4":{"start":{"line":7,"column":0},"end":{"line":11,"column":2}},"5":{"start":{"line":13,"column":0},"end":{"line":16,"column":28}},"6":{"start":{"line":18,"column":0},"end":{"line":23,"column":2}},"7":{"start":{"line":25,"column":0},"end":{"line":30,"column":2}},"8":{"start":{"line":32,"column":0},"end":{"line":37,"column":2}},"9":{"start":{"line":39,"column":0},"end":{"line":43,"column":2}},"10":{"start":{"line":45,"column":0},"end":{"line":45,"column":24}}},"fnMap":{},"branchMap":{},"s":{"0":4,"1":4,"2":4,"3":4,"4":4,"5":4,"6":4,"7":4,"8":4,"9":4,"10":4},"f":{},"b":{},"_coverageSchema":"1a1c01bbd47fc00a2c39e90264f33305004495a9","hash":"9c46d0358c4744d6f28694627e2fc5defb6d0698"}
}
