TN:
SF:controllers\menu.js
FN:4,(anonymous_0)
FN:15,(anonymous_1)
FN:32,(anonymous_2)
FN:51,(anonymous_3)
FN:70,(anonymous_4)
FNF:5
FNH:2
FNDA:3,(anonymous_0)
FNDA:3,(anonymous_1)
FNDA:0,(anonymous_2)
FNDA:0,(anonymous_3)
FNDA:0,(anonymous_4)
DA:1,4
DA:2,4
DA:4,4
DA:5,3
DA:6,3
DA:7,2
DA:8,2
DA:10,1
DA:11,1
DA:15,4
DA:16,3
DA:17,3
DA:18,3
DA:20,2
DA:21,2
DA:22,1
DA:24,1
DA:27,1
DA:28,1
DA:32,4
DA:33,0
DA:34,0
DA:43,0
DA:44,0
DA:45,0
DA:47,0
DA:51,4
DA:52,0
DA:53,0
DA:54,0
DA:62,0
DA:63,0
DA:64,0
DA:66,0
DA:70,4
DA:71,0
DA:73,0
DA:74,0
DA:77,0
DA:78,0
DA:80,0
DA:81,0
DA:86,0
DA:89,0
DA:90,0
DA:94,4
LF:46
LH:23
BRDA:21,0,0,1
BRDA:21,0,1,1
BRDA:44,1,0,0
BRDA:44,1,1,0
BRDA:47,2,0,0
BRDA:47,2,1,0
BRDA:63,3,0,0
BRDA:63,3,1,0
BRDA:66,4,0,0
BRDA:66,4,1,0
BRDA:73,5,0,0
BRDA:73,5,1,0
BRDA:80,6,0,0
BRDA:80,6,1,0
BRDA:90,7,0,0
BRDA:90,7,1,0
BRF:16
BRH:2
end_of_record
TN:
SF:controllers\order.js
FN:4,(anonymous_0)
FN:15,(anonymous_1)
FN:32,(anonymous_2)
FN:37,(anonymous_3)
FN:61,(anonymous_4)
FN:67,(anonymous_5)
FN:91,(anonymous_6)
FN:105,(anonymous_7)
FNF:8
FNH:2
FNDA:3,(anonymous_0)
FNDA:3,(anonymous_1)
FNDA:0,(anonymous_2)
FNDA:0,(anonymous_3)
FNDA:0,(anonymous_4)
FNDA:0,(anonymous_5)
FNDA:0,(anonymous_6)
FNDA:0,(anonymous_7)
DA:1,4
DA:2,4
DA:4,4
DA:5,3
DA:6,3
DA:7,2
DA:8,2
DA:10,1
DA:11,1
DA:15,4
DA:16,3
DA:17,3
DA:18,3
DA:20,2
DA:21,2
DA:22,1
DA:24,1
DA:27,1
DA:28,1
DA:32,4
DA:33,0
DA:34,0
DA:37,0
DA:42,0
DA:49,0
DA:51,0
DA:56,0
DA:57,0
DA:61,4
DA:62,0
DA:63,0
DA:64,0
DA:67,0
DA:72,0
DA:79,0
DA:81,0
DA:86,0
DA:87,0
DA:91,4
DA:92,0
DA:93,0
DA:94,0
DA:95,0
DA:96,0
DA:101,0
DA:105,4
DA:106,0
DA:108,0
DA:109,0
DA:112,0
DA:113,0
DA:115,0
DA:116,0
DA:121,0
DA:124,0
DA:125,0
DA:129,4
LF:57
LH:24
BRDA:21,0,0,1
BRDA:21,0,1,1
BRDA:95,1,0,0
BRDA:95,1,1,0
BRDA:101,2,0,0
BRDA:101,2,1,0
BRDA:108,3,0,0
BRDA:108,3,1,0
BRDA:115,4,0,0
BRDA:115,4,1,0
BRDA:125,5,0,0
BRDA:125,5,1,0
BRF:12
BRH:2
end_of_record
TN:
SF:controllers\payment.js
FN:7,(anonymous_0)
FN:18,(anonymous_1)
FN:35,(anonymous_2)
FN:47,(anonymous_3)
FN:56,(anonymous_4)
FN:96,(anonymous_5)
FN:118,(anonymous_6)
FNF:7
FNH:2
FNDA:3,(anonymous_0)
FNDA:3,(anonymous_1)
FNDA:0,(anonymous_2)
FNDA:0,(anonymous_3)
FNDA:0,(anonymous_4)
FNDA:0,(anonymous_5)
FNDA:0,(anonymous_6)
DA:1,4
DA:2,4
DA:3,4
DA:4,4
DA:5,4
DA:7,4
DA:8,3
DA:9,3
DA:10,2
DA:11,2
DA:13,1
DA:14,1
DA:18,4
DA:19,3
DA:20,3
DA:21,3
DA:23,2
DA:24,2
DA:25,1
DA:27,1
DA:30,1
DA:31,1
DA:35,4
DA:36,0
DA:37,0
DA:38,0
DA:41,0
DA:42,0
DA:43,0
DA:47,0
DA:50,0
DA:53,0
DA:55,0
DA:56,0
DA:57,0
DA:60,0
DA:61,0
DA:66,0
DA:67,0
DA:68,0
DA:71,0
DA:82,0
DA:84,0
DA:91,0
DA:92,0
DA:96,4
DA:97,0
DA:98,0
DA:99,0
DA:101,0
DA:105,0
DA:107,0
DA:108,0
DA:110,0
DA:113,0
DA:114,0
DA:118,4
DA:119,0
DA:121,0
DA:122,0
DA:125,0
DA:126,0
DA:128,0
DA:129,0
DA:134,0
DA:137,0
DA:138,0
DA:142,4
LF:68
LH:26
BRDA:24,0,0,1
BRDA:24,0,1,1
BRDA:42,1,0,0
BRDA:42,1,1,0
BRDA:60,2,0,0
BRDA:60,2,1,0
BRDA:60,3,0,0
BRDA:60,3,1,0
BRDA:60,3,2,0
BRDA:107,4,0,0
BRDA:107,4,1,0
BRDA:121,5,0,0
BRDA:121,5,1,0
BRDA:128,6,0,0
BRDA:128,6,1,0
BRDA:138,7,0,0
BRDA:138,7,1,0
BRF:17
BRH:2
end_of_record
TN:
SF:controllers\user.js
FN:4,(anonymous_0)
FN:15,(anonymous_1)
FN:32,(anonymous_2)
FN:42,(anonymous_3)
FN:53,(anonymous_4)
FN:64,(anonymous_5)
FNF:6
FNH:2
FNDA:3,(anonymous_0)
FNDA:3,(anonymous_1)
FNDA:0,(anonymous_2)
FNDA:0,(anonymous_3)
FNDA:0,(anonymous_4)
FNDA:0,(anonymous_5)
DA:1,4
DA:2,4
DA:4,4
DA:5,3
DA:6,3
DA:7,2
DA:8,2
DA:10,1
DA:11,1
DA:15,4
DA:16,3
DA:17,3
DA:18,3
DA:20,2
DA:21,2
DA:22,1
DA:24,1
DA:27,1
DA:28,1
DA:32,4
DA:33,0
DA:34,0
DA:35,0
DA:36,0
DA:38,0
DA:42,4
DA:43,0
DA:44,0
DA:45,0
DA:46,0
DA:47,0
DA:49,0
DA:53,4
DA:54,0
DA:55,0
DA:56,0
DA:57,0
DA:58,0
DA:60,0
DA:64,4
DA:65,0
DA:67,0
DA:68,0
DA:71,0
DA:72,0
DA:74,0
DA:75,0
DA:80,0
DA:83,0
DA:84,0
DA:88,4
LF:51
LH:24
BRDA:21,0,0,1
BRDA:21,0,1,1
BRDA:35,1,0,0
BRDA:35,1,1,0
BRDA:38,2,0,0
BRDA:38,2,1,0
BRDA:46,3,0,0
BRDA:46,3,1,0
BRDA:49,4,0,0
BRDA:49,4,1,0
BRDA:57,5,0,0
BRDA:57,5,1,0
BRDA:60,6,0,0
BRDA:60,6,1,0
BRDA:67,7,0,0
BRDA:67,7,1,0
BRDA:74,8,0,0
BRDA:74,8,1,0
BRDA:84,9,0,0
BRDA:84,9,1,0
BRF:20
BRH:2
end_of_record
TN:
SF:data\database.js
FN:8,(anonymous_0)
FN:15,(anonymous_1)
FN:20,(anonymous_2)
FN:26,(anonymous_3)
FNF:4
FNH:0
FNDA:0,(anonymous_0)
FNDA:0,(anonymous_1)
FNDA:0,(anonymous_2)
FNDA:0,(anonymous_3)
DA:1,8
DA:2,8
DA:4,8
DA:8,8
DA:9,0
DA:10,0
DA:11,0
DA:14,0
DA:16,0
DA:17,0
DA:18,0
DA:21,0
DA:22,0
DA:26,8
DA:27,0
DA:28,0
DA:30,0
DA:33,8
LF:18
LH:6
BRDA:9,0,0,0
BRDA:9,0,1,0
BRDA:27,1,0,0
BRDA:27,1,1,0
BRF:4
BRH:0
end_of_record
TN:
SF:helpers\validate.js
FN:2,(anonymous_0)
FN:4,(anonymous_1)
FN:5,(anonymous_2)
FNF:3
FNH:0
FNDA:0,(anonymous_0)
FNDA:0,(anonymous_1)
FNDA:0,(anonymous_2)
DA:1,4
DA:2,4
DA:3,0
DA:4,0
DA:5,0
DA:8,4
LF:6
LH:3
BRF:0
BRH:0
end_of_record
TN:
SF:middleware\validate.js
FN:3,(anonymous_0)
FN:9,(anonymous_1)
FN:22,(anonymous_2)
FN:27,(anonymous_3)
FN:39,(anonymous_4)
FN:49,(anonymous_5)
FN:61,(anonymous_6)
FN:71,(anonymous_7)
FN:84,validateUpdateOrders
FN:95,(anonymous_9)
FN:110,validateDeleteOrder
FN:129,(anonymous_11)
FN:140,(anonymous_12)
FN:153,validateUpdatePayments
FN:165,(anonymous_14)
FN:180,validateDeletePayments
FNF:16
FNH:0
FNDA:0,(anonymous_0)
FNDA:0,(anonymous_1)
FNDA:0,(anonymous_2)
FNDA:0,(anonymous_3)
FNDA:0,(anonymous_4)
FNDA:0,(anonymous_5)
FNDA:0,(anonymous_6)
FNDA:0,(anonymous_7)
FNDA:0,validateUpdateOrders
FNDA:0,(anonymous_9)
FNDA:0,validateDeleteOrder
FNDA:0,(anonymous_11)
FNDA:0,(anonymous_12)
FNDA:0,validateUpdatePayments
FNDA:0,(anonymous_14)
FNDA:0,validateDeletePayments
DA:1,4
DA:2,4
DA:3,4
DA:4,0
DA:9,0
DA:10,0
DA:11,0
DA:17,0
DA:22,4
DA:23,0
DA:27,0
DA:28,0
DA:29,0
DA:35,0
DA:39,4
DA:40,0
DA:49,0
DA:50,0
DA:51,0
DA:57,0
DA:61,4
DA:62,0
DA:71,0
DA:72,0
DA:73,0
DA:79,0
DA:85,0
DA:94,0
DA:95,0
DA:96,0
DA:97,0
DA:101,0
DA:103,0
DA:104,0
DA:107,0
DA:111,0
DA:115,0
DA:119,0
DA:121,0
DA:122,0
DA:125,0
DA:129,4
DA:130,0
DA:140,0
DA:141,0
DA:142,0
DA:148,0
DA:154,0
DA:164,0
DA:165,0
DA:166,0
DA:167,0
DA:171,0
DA:173,0
DA:174,0
DA:177,0
DA:181,0
DA:185,0
DA:189,0
DA:191,0
DA:192,0
DA:195,0
DA:202,4
LF:63
LH:8
BRDA:10,0,0,0
BRDA:10,0,1,0
BRDA:28,1,0,0
BRDA:28,1,1,0
BRDA:50,2,0,0
BRDA:50,2,1,0
BRDA:72,3,0,0
BRDA:72,3,1,0
BRDA:96,4,0,0
BRDA:96,4,1,0
BRDA:103,5,0,0
BRDA:103,5,1,0
BRDA:112,6,0,0
BRDA:112,6,1,0
BRDA:121,7,0,0
BRDA:121,7,1,0
BRDA:141,8,0,0
BRDA:141,8,1,0
BRDA:166,9,0,0
BRDA:166,9,1,0
BRDA:173,10,0,0
BRDA:173,10,1,0
BRDA:182,11,0,0
BRDA:182,11,1,0
BRDA:191,12,0,0
BRDA:191,12,1,0
BRF:26
BRH:0
end_of_record
TN:
SF:models\menu.js
FN:4,getAll
FN:8,getById
FN:13,createMenu
FN:17,updateMenu
FN:22,deleteMenu
FN:27,getManyByIds
FN:28,(anonymous_6)
FNF:7
FNH:0
FNDA:0,getAll
FNDA:0,getById
FNDA:0,createMenu
FNDA:0,updateMenu
FNDA:0,deleteMenu
FNDA:0,getManyByIds
FNDA:0,(anonymous_6)
DA:1,4
DA:2,4
DA:5,0
DA:6,0
DA:9,0
DA:10,0
DA:11,0
DA:14,0
DA:18,0
DA:19,0
DA:23,0
DA:24,0
DA:28,0
DA:29,0
DA:30,0
DA:33,4
LF:16
LH:3
BRF:0
BRH:0
end_of_record
TN:
SF:models\order.js
FN:4,getAll
FN:8,getById
FN:14,createOrder
FN:18,updateOrder
FN:23,updateOrderStatus
FN:31,deleteOrder
FNF:6
FNH:0
FNDA:0,getAll
FNDA:0,getById
FNDA:0,createOrder
FNDA:0,updateOrder
FNDA:0,updateOrderStatus
FNDA:0,deleteOrder
DA:1,4
DA:2,4
DA:5,0
DA:6,0
DA:9,0
DA:10,0
DA:11,0
DA:15,0
DA:19,0
DA:20,0
DA:24,0
DA:25,0
DA:32,0
DA:33,0
DA:36,4
LF:15
LH:3
BRF:0
BRH:0
end_of_record
TN:
SF:models\payment.js
FN:4,getAll
FN:8,getById
FN:14,createPayment
FN:18,updatePayment
FN:25,deletePayment
FNF:5
FNH:0
FNDA:0,getAll
FNDA:0,getById
FNDA:0,createPayment
FNDA:0,updatePayment
FNDA:0,deletePayment
DA:1,4
DA:2,4
DA:5,0
DA:6,0
DA:9,0
DA:10,0
DA:11,0
DA:15,0
DA:19,0
DA:20,0
DA:26,0
DA:27,0
DA:30,4
LF:13
LH:3
BRF:0
BRH:0
end_of_record
TN:
SF:models\user.js
FN:4,getAll
FN:8,getById
FN:13,createUser
FN:18,updateUser
FN:25,updateUserRole
FN:33,deleteUser
FNF:6
FNH:0
FNDA:0,getAll
FNDA:0,getById
FNDA:0,createUser
FNDA:0,updateUser
FNDA:0,updateUserRole
FNDA:0,deleteUser
DA:1,4
DA:2,4
DA:5,0
DA:6,0
DA:9,0
DA:10,0
DA:11,0
DA:14,0
DA:15,0
DA:19,0
DA:20,0
DA:22,0
DA:26,0
DA:27,0
DA:34,0
DA:35,0
DA:38,4
LF:17
LH:3
BRF:0
BRH:0
end_of_record
TN:
SF:routes\index.js
FN:12,(anonymous_0)
FN:23,(anonymous_1)
FN:25,(anonymous_2)
FN:26,(anonymous_3)
FNF:4
FNH:0
FNDA:0,(anonymous_0)
FNDA:0,(anonymous_1)
FNDA:0,(anonymous_2)
FNDA:0,(anonymous_3)
DA:1,4
DA:2,4
DA:3,4
DA:4,4
DA:5,4
DA:7,4
DA:8,4
DA:12,4
DA:13,0
DA:17,4
DA:18,4
DA:19,4
DA:20,4
DA:21,4
DA:23,4
DA:25,4
DA:26,0
DA:27,0
DA:28,0
DA:30,0
DA:35,4
LF:21
LH:16
BRDA:13,0,0,0
BRDA:13,0,1,0
BRDA:27,1,0,0
BRDA:27,1,1,0
BRF:4
BRH:0
end_of_record
TN:
SF:routes\menu.js
FNF:0
FNH:0
DA:2,4
DA:3,4
DA:4,4
DA:5,4
DA:7,4
DA:13,4
DA:18,4
DA:25,4
DA:32,4
DA:38,4
LF:10
LH:10
BRF:0
BRH:0
end_of_record
TN:
SF:routes\order.js
FNF:0
FNH:0
DA:2,4
DA:3,4
DA:4,4
DA:5,4
DA:7,4
DA:13,4
DA:18,4
DA:25,4
DA:32,4
DA:38,4
DA:45,4
LF:11
LH:11
BRF:0
BRH:0
end_of_record
TN:
SF:routes\payment.js
FNF:0
FNH:0
DA:2,4
DA:3,4
DA:4,4
DA:5,4
DA:7,4
DA:13,4
DA:18,4
DA:25,4
DA:32,4
DA:39,4
LF:10
LH:10
BRF:0
BRH:0
end_of_record
TN:
SF:routes\swagger.js
FNF:0
FNH:0
DA:1,4
DA:2,4
DA:3,4
DA:4,4
DA:5,4
DA:7,4
LF:6
LH:6
BRF:0
BRH:0
end_of_record
TN:
SF:routes\user.js
FNF:0
FNH:0
DA:2,4
DA:3,4
DA:4,4
DA:5,4
DA:7,4
DA:13,4
DA:18,4
DA:25,4
DA:32,4
DA:39,4
DA:45,4
LF:11
LH:11
BRF:0
BRH:0
end_of_record
